<?xml version="1.0" encoding="UTF-8"?>
<testng-results ignored="0" total="1" passed="1" failed="0" skipped="0">
  <reporter-output>
  </reporter-output>
  <suite started-at="2024-03-16T11:10:01 IST" name="Default suite" finished-at="2024-03-16T11:10:18 IST" duration-ms="17495">
    <groups>
    </groups>
    <test started-at="2024-03-16T11:10:01 IST" name="Default test" finished-at="2024-03-16T11:10:18 IST" duration-ms="17495">
      <class name="com.test.FlipkartLazyLoadingTest">
        <test-method is-config="true" signature="setup()[pri:0, instance:com.test.FlipkartLazyLoadingTest@1b2abca6]" started-at="2024-03-16T11:10:01 IST" name="setup" finished-at="2024-03-16T11:10:05 IST" duration-ms="4338" status="PASS">
          <reporter-output>
          </reporter-output>
        </test-method> <!-- setup -->
        <test-method signature="testFlipkartSearch()[pri:0, instance:com.test.FlipkartLazyLoadingTest@1b2abca6]" started-at="2024-03-16T11:10:05 IST" name="testFlipkartSearch" finished-at="2024-03-16T11:10:18 IST" duration-ms="12592" status="PASS">
          <reporter-output>
          </reporter-output>
        </test-method> <!-- testFlipkartSearch -->
        <test-method is-config="true" signature="tearDown()[pri:0, instance:com.test.FlipkartLazyLoadingTest@1b2abca6]" started-at="2024-03-16T11:10:18 IST" name="tearDown" finished-at="2024-03-16T11:10:18 IST" duration-ms="471" status="PASS">
          <reporter-output>
          </reporter-output>
        </test-method> <!-- tearDown -->
      </class> <!-- com.test.FlipkartLazyLoadingTest -->
    </test> <!-- Default test -->
  </suite> <!-- Default suite -->
</testng-results>
